Mar 10, 2026 2:39:19 PM p2p.peerProcess start
INFO: Starting Peer 1001
Mar 10, 2026 2:39:19 PM p2p.peerProcess loadConfigurations
INFO: Loaded common configuration: CommonConfig{numberOfPreferredNeighbors=2, unchokingInterval=5, optimisticUnchokingInterval=15, fileName='TheFile.dat', fileSize=10000232, pieceSize=32768, pieceCount=306}
Mar 10, 2026 2:39:19 PM p2p.peerProcess loadConfigurations
INFO: Loaded peer configuration with 4 peers
Mar 10, 2026 2:39:19 PM p2p.peerProcess loadConfigurations
INFO: My peer info: PeerInfo{peerId=1001, hostName='localhost', port=6008, hasFile=true}
Mar 10, 2026 2:39:19 PM p2p.peerProcess initializeBitfield
INFO: Initialized bitfield: Bitfield{pieces=111111111111111111111111111111111111111111111111111111111111111111111111111111111111111111111111111111111111111111111111111111111111111111111111111111111111111111111111111111111111111111111111111111111111111111111111111111111111111111111111111111111111111111111111111111111111111111111111111111111111111111, owned=306/306, completion=100.00%}
Mar 10, 2026 2:39:19 PM p2p.peerProcess initializeBitfield
INFO: Peer 1001 has the complete file
Mar 10, 2026 2:39:19 PM p2p.peerProcess startServer
INFO: Server started on port 6008
Mar 10, 2026 2:39:20 PM p2p.peerProcess connectToPeers
INFO: Connecting to 0 peers
Mar 10, 2026 2:39:20 PM p2p.peerProcess start
INFO: Peer 1001 started successfully
Mar 10, 2026 2:39:31 PM p2p.peerProcess lambda$startServer$0
INFO: Accepted incoming connection from /127.0.0.1
Mar 10, 2026 2:39:31 PM p2p.peerProcess handleIncomingConnection
INFO: Received handshake from Peer 1002
Mar 10, 2026 2:39:31 PM p2p.peerProcess handleIncomingConnection
INFO: Sent handshake to Peer 1002
Mar 10, 2026 2:39:31 PM p2p.peerProcess exchangeBitfields
INFO: Sent bitfield to Peer 1002
Mar 10, 2026 2:39:31 PM p2p.peerProcess exchangeBitfields
INFO: Received bitfield from Peer 1002: Bitfield{pieces=000000000000000000000000000000000000000000000000000000000000000000000000000000000000000000000000000000000000000000000000000000000000000000000000000000000000000000000000000000000000000000000000000000000000000000000000000000000000000000000000000000000000000000000000000000000000000000000000000000000000000000, owned=0/306, completion=0.00%}
Mar 10, 2026 2:39:31 PM p2p.peerProcess determineAndSendInterest
INFO: Sent NOT_INTERESTED to Peer 1002
Mar 10, 2026 2:39:31 PM p2p.peerProcess handlePeerMessages
INFO: Received Message{type=INTERESTED} from Peer 1002
Mar 10, 2026 2:39:31 PM p2p.peerProcess processMessage
INFO: Peer 1001 received INTERESTED from Peer 1002
Mar 10, 2026 2:39:40 PM p2p.peerProcess lambda$startServer$0
INFO: Accepted incoming connection from /127.0.0.1
Mar 10, 2026 2:39:40 PM p2p.peerProcess handleIncomingConnection
INFO: Received handshake from Peer 1003
Mar 10, 2026 2:39:40 PM p2p.peerProcess handleIncomingConnection
INFO: Sent handshake to Peer 1003
Mar 10, 2026 2:39:40 PM p2p.peerProcess exchangeBitfields
INFO: Sent bitfield to Peer 1003
Mar 10, 2026 2:39:40 PM p2p.peerProcess exchangeBitfields
INFO: Received bitfield from Peer 1003: Bitfield{pieces=000000000000000000000000000000000000000000000000000000000000000000000000000000000000000000000000000000000000000000000000000000000000000000000000000000000000000000000000000000000000000000000000000000000000000000000000000000000000000000000000000000000000000000000000000000000000000000000000000000000000000000, owned=0/306, completion=0.00%}
Mar 10, 2026 2:39:40 PM p2p.peerProcess determineAndSendInterest
INFO: Sent NOT_INTERESTED to Peer 1003
Mar 10, 2026 2:39:40 PM p2p.peerProcess handlePeerMessages
INFO: Received Message{type=INTERESTED} from Peer 1003
Mar 10, 2026 2:39:40 PM p2p.peerProcess processMessage
INFO: Peer 1001 received INTERESTED from Peer 1003
Mar 10, 2026 2:39:45 PM p2p.peerProcess lambda$startServer$0
INFO: Accepted incoming connection from /127.0.0.1
Mar 10, 2026 2:39:45 PM p2p.peerProcess handleIncomingConnection
INFO: Received handshake from Peer 1004
Mar 10, 2026 2:39:45 PM p2p.peerProcess handleIncomingConnection
INFO: Sent handshake to Peer 1004
Mar 10, 2026 2:39:45 PM p2p.peerProcess exchangeBitfields
INFO: Sent bitfield to Peer 1004
Mar 10, 2026 2:39:45 PM p2p.peerProcess exchangeBitfields
INFO: Received bitfield from Peer 1004: Bitfield{pieces=000000000000000000000000000000000000000000000000000000000000000000000000000000000000000000000000000000000000000000000000000000000000000000000000000000000000000000000000000000000000000000000000000000000000000000000000000000000000000000000000000000000000000000000000000000000000000000000000000000000000000000, owned=0/306, completion=0.00%}
Mar 10, 2026 2:39:45 PM p2p.peerProcess determineAndSendInterest
INFO: Sent NOT_INTERESTED to Peer 1004
Mar 10, 2026 2:39:45 PM p2p.peerProcess handlePeerMessages
INFO: Received Message{type=INTERESTED} from Peer 1004
Mar 10, 2026 2:39:45 PM p2p.peerProcess processMessage
INFO: Peer 1001 received INTERESTED from Peer 1004
Mar 10, 2026 2:41:37 PM p2p.peerProcess handlePeerMessages
INFO: Connection closed with Peer 1004: null
Mar 10, 2026 2:41:37 PM p2p.peerProcess handlePeerMessages
INFO: Connection closed with Peer 1003: null
Mar 10, 2026 2:41:38 PM p2p.peerProcess handlePeerMessages
INFO: Connection closed with Peer 1002: null
